<?xml version="1.0" encoding="UTF-8"?>
<testsuite name="efub.backend.assignment.AssignmentApplicationTests" tests="1" skipped="0" failures="0" errors="0" timestamp="2023-04-08T09:40:11" hostname="DESKTOP-65EDMBN" time="0.258">
  <properties/>
  <testcase name="contextLoads()" classname="efub.backend.assignment.AssignmentApplicationTests" time="0.258"/>
  <system-out><![CDATA[18:40:05.438 [Test worker] DEBUG org.springframework.boot.test.context.SpringBootTestContextBootstrapper -- Neither @ContextConfiguration nor @ContextHierarchy found for test class [AssignmentApplicationTests]: using SpringBootContextLoader
18:40:05.445 [Test worker] DEBUG org.springframework.test.context.support.AbstractContextLoader -- Could not detect default resource locations for test class [efub.backend.assignment.AssignmentApplicationTests]: no resource found for suffixes {-context.xml, Context.groovy}.
18:40:05.447 [Test worker] INFO org.springframework.test.context.support.AnnotationConfigContextLoaderUtils -- Could not detect default configuration classes for test class [efub.backend.assignment.AssignmentApplicationTests]: AssignmentApplicationTests does not declare any static, non-private, non-final, nested classes annotated with @Configuration.
18:40:05.484 [Test worker] DEBUG org.springframework.boot.test.context.SpringBootTestContextBootstrapper -- Using ContextCustomizers for test class [AssignmentApplicationTests]: [DisableObservabilityContextCustomizer, PropertyMappingContextCustomizer, Customizer, ExcludeFilterContextCustomizer, DuplicateJsonObjectContextCustomizer, MockitoContextCustomizer, TestRestTemplateContextCustomizer]
18:40:05.594 [Test worker] DEBUG org.springframework.context.annotation.ClassPathScanningCandidateComponentProvider -- Identified candidate component class: file [C:\Users\chaec\IdeaProjects\assignment\build\classes\java\main\efub\backend\assignment\AssignmentApplication.class]
18:40:05.597 [Test worker] INFO org.springframework.boot.test.context.SpringBootTestContextBootstrapper -- Found @SpringBootConfiguration efub.backend.assignment.AssignmentApplication for test class efub.backend.assignment.AssignmentApplicationTests
18:40:05.749 [Test worker] DEBUG org.springframework.boot.test.context.SpringBootTestContextBootstrapper -- Using TestExecutionListeners for test class [AssignmentApplicationTests]: [ServletTestExecutionListener, DirtiesContextBeforeModesTestExecutionListener, ApplicationEventsTestExecutionListener, MockitoTestExecutionListener, DependencyInjectionTestExecutionListener, DirtiesContextTestExecutionListener, TransactionalTestExecutionListener, SqlScriptsTestExecutionListener, EventPublishingTestExecutionListener, RestDocsTestExecutionListener, MockRestServiceServerResetTestExecutionListener, MockMvcPrintOnlyOnFailureTestExecutionListener, WebDriverTestExecutionListener, MockWebServiceServerTestExecutionListener, ResetMocksTestExecutionListener]
18:40:05.751 [Test worker] DEBUG org.springframework.test.context.support.AbstractDirtiesContextTestExecutionListener -- Before test class: class [AssignmentApplicationTests], class annotated with @DirtiesContext [false] with mode [null]

  .   ____          _            __ _ _
 /\\ / ___'_ __ _ _(_)_ __  __ _ \ \ \ \
( ( )\___ | '_ | '_| | '_ \/ _` | \ \ \ \
 \\/  ___)| |_)| | | | | || (_| |  ) ) ) )
  '  |____| .__|_| |_|_| |_\__, | / / / /
 =========|_|==============|___/=/_/_/_/
 :: Spring Boot ::                (v3.0.5)

2023-04-08T18:40:06.243+09:00  INFO 9540 --- [    Test worker] e.b.a.AssignmentApplicationTests         : Starting AssignmentApplicationTests using Java 18.0.2.1 with PID 9540 (started by chaec in C:\Users\chaec\IdeaProjects\assignment)
2023-04-08T18:40:06.244+09:00  INFO 9540 --- [    Test worker] e.b.a.AssignmentApplicationTests         : No active profile set, falling back to 1 default profile: "default"
2023-04-08T18:40:07.257+09:00  INFO 9540 --- [    Test worker] .s.d.r.c.RepositoryConfigurationDelegate : Bootstrapping Spring Data JPA repositories in DEFAULT mode.
2023-04-08T18:40:07.362+09:00  INFO 9540 --- [    Test worker] .s.d.r.c.RepositoryConfigurationDelegate : Finished Spring Data repository scanning in 84 ms. Found 1 JPA repository interfaces.
2023-04-08T18:40:08.089+09:00  INFO 9540 --- [    Test worker] o.hibernate.jpa.internal.util.LogHelper  : HHH000204: Processing PersistenceUnitInfo [name: default]
2023-04-08T18:40:08.199+09:00  INFO 9540 --- [    Test worker] org.hibernate.Version                    : HHH000412: Hibernate ORM core version 6.1.7.Final
2023-04-08T18:40:08.730+09:00  INFO 9540 --- [    Test worker] com.zaxxer.hikari.HikariDataSource       : HikariPool-1 - Starting...
2023-04-08T18:40:09.225+09:00  INFO 9540 --- [    Test worker] com.zaxxer.hikari.pool.HikariPool        : HikariPool-1 - Added connection com.mysql.cj.jdbc.ConnectionImpl@2e929182
2023-04-08T18:40:09.228+09:00  INFO 9540 --- [    Test worker] com.zaxxer.hikari.HikariDataSource       : HikariPool-1 - Start completed.
2023-04-08T18:40:09.322+09:00  INFO 9540 --- [    Test worker] SQL dialect                              : HHH000400: Using dialect: org.hibernate.dialect.MySQLDialect
Hibernate: drop table if exists member
Hibernate: create table member (member_id bigint not null auto_increment, email varchar(60) not null, encoded_password varchar(255) not null, nickname varchar(16) not null, status varchar(255), student_id varchar(255) not null, university varchar(255) not null, primary key (member_id)) engine=InnoDB
2023-04-08T18:40:10.528+09:00  INFO 9540 --- [    Test worker] o.h.e.t.j.p.i.JtaPlatformInitiator       : HHH000490: Using JtaPlatform implementation: [org.hibernate.engine.transaction.jta.platform.internal.NoJtaPlatform]
2023-04-08T18:40:10.541+09:00  INFO 9540 --- [    Test worker] j.LocalContainerEntityManagerFactoryBean : Initialized JPA EntityManagerFactory for persistence unit 'default'
2023-04-08T18:40:11.222+09:00  WARN 9540 --- [    Test worker] JpaBaseConfiguration$JpaWebConfiguration : spring.jpa.open-in-view is enabled by default. Therefore, database queries may be performed during view rendering. Explicitly configure spring.jpa.open-in-view to disable this warning
2023-04-08T18:40:11.719+09:00  INFO 9540 --- [    Test worker] e.b.a.AssignmentApplicationTests         : Started AssignmentApplicationTests in 5.91 seconds (process running for 7.813)
]]></system-out>
  <system-err><![CDATA[]]></system-err>
</testsuite>
